[ 2015-04-13T17:26:29+08:00 ] 127.0.0.1 /
INFO: [ app_init ] --START--
INFO: Run Behavior\BuildLiteBehavior [ RunTime:0.000039s ]
INFO: [ app_init ] --END-- [ RunTime:0.001152s ]
INFO: [ app_begin ] --START--
INFO: Run Behavior\ReadHtmlCacheBehavior [ RunTime:0.004853s ]
INFO: [ app_begin ] --END-- [ RunTime:0.004971s ]
SQL: SHOW COLUMNS FROM `nan_link_inc` [ RunTime:0.0479s ]
SQL: SHOW COLUMNS FROM `nan_onepage_inc` [ RunTime:0.0501s ]
SQL: SHOW COLUMNS FROM `nan_siteconfig_inc` [ RunTime:0.0476s ]
SQL: SELECT * FROM `nan_link_inc` WHERE `code` = 'top_nav' ORDER BY `sort` asc  [ RunTime:0.0485s ]
SQL: SELECT `content` FROM `nan_siteconfig_inc` WHERE `id` = 5 LIMIT 1   [ RunTime:0.0487s ]
SQL: SHOW COLUMNS FROM `nan_article_inc` [ RunTime:0.0476s ]
SQL: SELECT `id`,`cat_id`,`title`,`dateline` FROM `nan_article_inc` ORDER BY `dateline` desc  [ RunTime:0.0472s ]
INFO: [ view_parse ] --START--
INFO: [ template_filter ] --START--
INFO: Run Behavior\ContentReplaceBehavior [ RunTime:0.000111s ]
INFO: [ template_filter ] --END-- [ RunTime:0.000160s ]
INFO: Run Behavior\ParseTemplateBehavior [ RunTime:0.085898s ]
INFO: [ view_parse ] --END-- [ RunTime:0.085956s ]
INFO: [ view_filter ] --START--
INFO: Run Behavior\WriteHtmlCacheBehavior [ RunTime:0.005114s ]
INFO: [ view_filter ] --END-- [ RunTime:0.005155s ]
INFO: [ app_end ] --START--
INFO: Run Behavior\ShowPageTraceBehavior [ RunTime:0.000691s ]
INFO: [ app_end ] --END-- [ RunTime:0.000733s ]

[ 2015-04-13T17:26:29+08:00 ] 127.0.0.1 /
INFO: [ app_init ] --START--
INFO: Run Behavior\BuildLiteBehavior [ RunTime:0.000010s ]
INFO: [ app_init ] --END-- [ RunTime:0.000269s ]
INFO: [ app_begin ] --START--
INFO: Run Behavior\ReadHtmlCacheBehavior [ RunTime:0.000388s ]
INFO: [ app_begin ] --END-- [ RunTime:0.000431s ]
SQL: SHOW COLUMNS FROM `nan_link_inc` [ RunTime:0.0513s ]
SQL: SHOW COLUMNS FROM `nan_onepage_inc` [ RunTime:0.0499s ]
SQL: SHOW COLUMNS FROM `nan_siteconfig_inc` [ RunTime:0.0578s ]
SQL: SELECT * FROM `nan_link_inc` WHERE `code` = 'top_nav' ORDER BY `sort` asc  [ RunTime:0.0510s ]
SQL: SELECT `content` FROM `nan_siteconfig_inc` WHERE `id` = 5 LIMIT 1   [ RunTime:0.0507s ]
SQL: SHOW COLUMNS FROM `nan_article_inc` [ RunTime:0.0523s ]
SQL: SELECT `id`,`cat_id`,`title`,`dateline` FROM `nan_article_inc` ORDER BY `dateline` desc  [ RunTime:0.0516s ]
INFO: [ view_parse ] --START--
INFO: [ template_filter ] --START--
INFO: Run Behavior\ContentReplaceBehavior [ RunTime:0.000234s ]
INFO: [ template_filter ] --END-- [ RunTime:0.000328s ]
INFO: Run Behavior\ParseTemplateBehavior [ RunTime:0.031340s ]
INFO: [ view_parse ] --END-- [ RunTime:0.031465s ]
INFO: [ view_filter ] --START--
INFO: Run Behavior\WriteHtmlCacheBehavior [ RunTime:0.000586s ]
INFO: [ view_filter ] --END-- [ RunTime:0.000659s ]
INFO: [ app_end ] --START--
INFO: Run Behavior\ShowPageTraceBehavior [ RunTime:0.001061s ]
INFO: [ app_end ] --END-- [ RunTime:0.001151s ]

[ 2015-04-13T17:26:37+08:00 ] 127.0.0.1 /Product/index.html
INFO: [ app_init ] --START--
INFO: Run Behavior\BuildLiteBehavior [ RunTime:0.000019s ]
INFO: [ app_init ] --END-- [ RunTime:0.000509s ]
INFO: [ app_begin ] --START--
INFO: Run Behavior\ReadHtmlCacheBehavior [ RunTime:0.000780s ]
INFO: [ app_begin ] --END-- [ RunTime:0.000860s ]
SQL: SHOW COLUMNS FROM `nan_link_inc` [ RunTime:0.0501s ]
SQL: SHOW COLUMNS FROM `nan_onepage_inc` [ RunTime:0.0525s ]
SQL: SHOW COLUMNS FROM `nan_siteconfig_inc` [ RunTime:0.0516s ]
SQL: SELECT * FROM `nan_link_inc` WHERE `code` = 'top_nav' ORDER BY `sort` asc  [ RunTime:0.0517s ]
SQL: SELECT `content` FROM `nan_siteconfig_inc` WHERE `id` = 5 LIMIT 1   [ RunTime:0.0503s ]
SQL: SHOW COLUMNS FROM `nan_goods_inc` [ RunTime:0.0514s ]
SQL: SELECT COUNT(*) AS tp_count FROM `nan_goods_inc` LIMIT 1   [ RunTime:0.0510s ]
SQL: SELECT * FROM `nan_goods_inc` LIMIT 0,9   [ RunTime:0.0528s ]
INFO: [ view_parse ] --START--
INFO: [ template_filter ] --START--
INFO: Run Behavior\ContentReplaceBehavior [ RunTime:0.000104s ]
INFO: [ template_filter ] --END-- [ RunTime:0.000157s ]
INFO: Run Behavior\ParseTemplateBehavior [ RunTime:0.043512s ]
INFO: [ view_parse ] --END-- [ RunTime:0.043651s ]
INFO: [ view_filter ] --START--
INFO: Run Behavior\WriteHtmlCacheBehavior [ RunTime:0.000349s ]
INFO: [ view_filter ] --END-- [ RunTime:0.000386s ]
INFO: [ app_end ] --START--
INFO: Run Behavior\ShowPageTraceBehavior [ RunTime:0.000757s ]
INFO: [ app_end ] --END-- [ RunTime:0.000841s ]

[ 2015-04-13T17:26:38+08:00 ] 127.0.0.1 /Product/index/do/load/p/undefined/code/
INFO: [ app_init ] --START--
INFO: Run Behavior\BuildLiteBehavior [ RunTime:0.000022s ]
INFO: [ app_init ] --END-- [ RunTime:0.000444s ]
INFO: [ app_begin ] --START--
INFO: Run Behavior\ReadHtmlCacheBehavior [ RunTime:0.000617s ]
INFO: [ app_begin ] --END-- [ RunTime:0.000722s ]
SQL: SHOW COLUMNS FROM `nan_link_inc` [ RunTime:0.0527s ]
SQL: SHOW COLUMNS FROM `nan_onepage_inc` [ RunTime:0.0554s ]
SQL: SHOW COLUMNS FROM `nan_siteconfig_inc` [ RunTime:0.0511s ]
SQL: SELECT * FROM `nan_link_inc` WHERE `code` = 'top_nav' ORDER BY `sort` asc  [ RunTime:0.0490s ]
SQL: SELECT `content` FROM `nan_siteconfig_inc` WHERE `id` = 5 LIMIT 1   [ RunTime:0.0467s ]
SQL: SHOW COLUMNS FROM `nan_goods_inc` [ RunTime:0.0488s ]
SQL: SELECT COUNT(*) AS tp_count FROM `nan_goods_inc` LIMIT 1   [ RunTime:0.0473s ]
SQL: SELECT * FROM `nan_goods_inc` LIMIT 0,9   [ RunTime:0.0498s ]

[ 2015-04-13T17:26:45+08:00 ] 127.0.0.1 /Product/index.html
INFO: [ app_init ] --START--
INFO: Run Behavior\BuildLiteBehavior [ RunTime:0.000030s ]
INFO: [ app_init ] --END-- [ RunTime:0.000835s ]
INFO: [ app_begin ] --START--
INFO: Run Behavior\ReadHtmlCacheBehavior [ RunTime:0.001212s ]
INFO: [ app_begin ] --END-- [ RunTime:0.001350s ]
SQL: SHOW COLUMNS FROM `nan_link_inc` [ RunTime:0.0504s ]
SQL: SHOW COLUMNS FROM `nan_onepage_inc` [ RunTime:0.0510s ]
SQL: SHOW COLUMNS FROM `nan_siteconfig_inc` [ RunTime:0.0501s ]
SQL: SELECT * FROM `nan_link_inc` WHERE `code` = 'top_nav' ORDER BY `sort` asc  [ RunTime:0.0510s ]
SQL: SELECT `content` FROM `nan_siteconfig_inc` WHERE `id` = 5 LIMIT 1   [ RunTime:0.0506s ]
SQL: SHOW COLUMNS FROM `nan_goods_inc` [ RunTime:0.0514s ]
SQL: SELECT COUNT(*) AS tp_count FROM `nan_goods_inc` LIMIT 1   [ RunTime:0.0499s ]
SQL: SELECT * FROM `nan_goods_inc` LIMIT 0,9   [ RunTime:0.0524s ]
INFO: [ view_parse ] --START--
INFO: [ template_filter ] --START--
INFO: Run Behavior\ContentReplaceBehavior [ RunTime:0.000238s ]
INFO: [ template_filter ] --END-- [ RunTime:0.000343s ]
INFO: Run Behavior\ParseTemplateBehavior [ RunTime:0.035789s ]
INFO: [ view_parse ] --END-- [ RunTime:0.035966s ]
INFO: [ view_filter ] --START--
INFO: Run Behavior\WriteHtmlCacheBehavior [ RunTime:0.000604s ]
INFO: [ view_filter ] --END-- [ RunTime:0.000686s ]
INFO: [ app_end ] --START--
INFO: Run Behavior\ShowPageTraceBehavior [ RunTime:0.001012s ]
INFO: [ app_end ] --END-- [ RunTime:0.001112s ]

[ 2015-04-13T17:26:45+08:00 ] 127.0.0.1 /Product/index/do/load/p/undefined/code/
INFO: [ app_init ] --START--
INFO: Run Behavior\BuildLiteBehavior [ RunTime:0.000013s ]
INFO: [ app_init ] --END-- [ RunTime:0.000307s ]
INFO: [ app_begin ] --START--
INFO: Run Behavior\ReadHtmlCacheBehavior [ RunTime:0.000581s ]
INFO: [ app_begin ] --END-- [ RunTime:0.000635s ]
SQL: SHOW COLUMNS FROM `nan_link_inc` [ RunTime:0.0480s ]
SQL: SHOW COLUMNS FROM `nan_onepage_inc` [ RunTime:0.0475s ]
SQL: SHOW COLUMNS FROM `nan_siteconfig_inc` [ RunTime:0.0481s ]
SQL: SELECT * FROM `nan_link_inc` WHERE `code` = 'top_nav' ORDER BY `sort` asc  [ RunTime:0.0498s ]
SQL: SELECT `content` FROM `nan_siteconfig_inc` WHERE `id` = 5 LIMIT 1   [ RunTime:0.0480s ]
SQL: SHOW COLUMNS FROM `nan_goods_inc` [ RunTime:0.0482s ]
SQL: SELECT COUNT(*) AS tp_count FROM `nan_goods_inc` LIMIT 1   [ RunTime:0.0472s ]
SQL: SELECT * FROM `nan_goods_inc` LIMIT 0,9   [ RunTime:0.0495s ]

[ 2015-04-13T17:26:47+08:00 ] 127.0.0.1 /Product/index.html
INFO: [ app_init ] --START--
INFO: Run Behavior\BuildLiteBehavior [ RunTime:0.000027s ]
INFO: [ app_init ] --END-- [ RunTime:0.000717s ]
INFO: [ app_begin ] --START--
INFO: Run Behavior\ReadHtmlCacheBehavior [ RunTime:0.001130s ]
INFO: [ app_begin ] --END-- [ RunTime:0.001246s ]
SQL: SHOW COLUMNS FROM `nan_link_inc` [ RunTime:0.0522s ]
SQL: SHOW COLUMNS FROM `nan_onepage_inc` [ RunTime:0.0506s ]
SQL: SHOW COLUMNS FROM `nan_siteconfig_inc` [ RunTime:0.0501s ]
SQL: SELECT * FROM `nan_link_inc` WHERE `code` = 'top_nav' ORDER BY `sort` asc  [ RunTime:0.0517s ]
SQL: SELECT `content` FROM `nan_siteconfig_inc` WHERE `id` = 5 LIMIT 1   [ RunTime:0.0506s ]
SQL: SHOW COLUMNS FROM `nan_goods_inc` [ RunTime:0.0509s ]
SQL: SELECT COUNT(*) AS tp_count FROM `nan_goods_inc` LIMIT 1   [ RunTime:0.0509s ]
SQL: SELECT * FROM `nan_goods_inc` LIMIT 0,9   [ RunTime:0.0521s ]
INFO: [ view_parse ] --START--
INFO: [ template_filter ] --START--
INFO: Run Behavior\ContentReplaceBehavior [ RunTime:0.000128s ]
INFO: [ template_filter ] --END-- [ RunTime:0.000197s ]
INFO: Run Behavior\ParseTemplateBehavior [ RunTime:0.016161s ]
INFO: [ view_parse ] --END-- [ RunTime:0.016256s ]
INFO: [ view_filter ] --START--
INFO: Run Behavior\WriteHtmlCacheBehavior [ RunTime:0.000317s ]
INFO: [ view_filter ] --END-- [ RunTime:0.000359s ]
INFO: [ app_end ] --START--
INFO: Run Behavior\ShowPageTraceBehavior [ RunTime:0.000534s ]
INFO: [ app_end ] --END-- [ RunTime:0.000591s ]

[ 2015-04-13T17:26:48+08:00 ] 127.0.0.1 /Product/index/do/load/p/undefined/code/
INFO: [ app_init ] --START--
INFO: Run Behavior\BuildLiteBehavior [ RunTime:0.000020s ]
INFO: [ app_init ] --END-- [ RunTime:0.000339s ]
INFO: [ app_begin ] --START--
INFO: Run Behavior\ReadHtmlCacheBehavior [ RunTime:0.000483s ]
INFO: [ app_begin ] --END-- [ RunTime:0.000534s ]
SQL: SHOW COLUMNS FROM `nan_link_inc` [ RunTime:0.0476s ]
SQL: SHOW COLUMNS FROM `nan_onepage_inc` [ RunTime:0.0484s ]
SQL: SHOW COLUMNS FROM `nan_siteconfig_inc` [ RunTime:0.0486s ]
SQL: SELECT * FROM `nan_link_inc` WHERE `code` = 'top_nav' ORDER BY `sort` asc  [ RunTime:0.0480s ]
SQL: SELECT `content` FROM `nan_siteconfig_inc` WHERE `id` = 5 LIMIT 1   [ RunTime:0.0472s ]
SQL: SHOW COLUMNS FROM `nan_goods_inc` [ RunTime:0.0488s ]
SQL: SELECT COUNT(*) AS tp_count FROM `nan_goods_inc` LIMIT 1   [ RunTime:0.0482s ]
SQL: SELECT * FROM `nan_goods_inc` LIMIT 0,9   [ RunTime:0.0523s ]

[ 2015-04-13T17:26:49+08:00 ] 127.0.0.1 /Information/index.html
INFO: [ app_init ] --START--
INFO: Run Behavior\BuildLiteBehavior [ RunTime:0.000013s ]
INFO: [ app_init ] --END-- [ RunTime:0.000285s ]
INFO: [ app_begin ] --START--
INFO: Run Behavior\ReadHtmlCacheBehavior [ RunTime:0.000428s ]
INFO: [ app_begin ] --END-- [ RunTime:0.000474s ]
SQL: SHOW COLUMNS FROM `nan_link_inc` [ RunTime:0.0490s ]
SQL: SHOW COLUMNS FROM `nan_onepage_inc` [ RunTime:0.0488s ]
SQL: SHOW COLUMNS FROM `nan_siteconfig_inc` [ RunTime:0.0486s ]
SQL: SELECT * FROM `nan_link_inc` WHERE `code` = 'top_nav' ORDER BY `sort` asc  [ RunTime:0.0481s ]
SQL: SELECT `content` FROM `nan_siteconfig_inc` WHERE `id` = 5 LIMIT 1   [ RunTime:0.0504s ]
SQL: SHOW COLUMNS FROM `nan_article_inc` [ RunTime:0.0678s ]
SQL: SELECT COUNT(*) AS tp_count FROM `nan_article_inc` WHERE `cat_id` = 1 LIMIT 1   [ RunTime:0.0534s ]
SQL: SELECT * FROM `nan_article_inc` WHERE `cat_id` = 1 ORDER BY `dateline` desc LIMIT 0,10   [ RunTime:0.1211s ]
INFO: [ view_parse ] --START--
INFO: [ template_filter ] --START--
INFO: Run Behavior\ContentReplaceBehavior [ RunTime:0.000288s ]
INFO: [ template_filter ] --END-- [ RunTime:0.000435s ]
NOTIC: [8] Undefined variable: cat F:\www\robot\Application\Runtime\Cache\Home\5c4ed62d74554f8a63088a7040024e82.php 第 111 行.
NOTIC: [8] Undefined variable: cat F:\www\robot\Application\Runtime\Cache\Home\5c4ed62d74554f8a63088a7040024e82.php 第 111 行.
INFO: Run Behavior\ParseTemplateBehavior [ RunTime:0.100427s ]
INFO: [ view_parse ] --END-- [ RunTime:0.100589s ]
INFO: [ view_filter ] --START--
INFO: Run Behavior\WriteHtmlCacheBehavior [ RunTime:0.000941s ]
INFO: [ view_filter ] --END-- [ RunTime:0.001236s ]
INFO: [ app_end ] --START--
INFO: Run Behavior\ShowPageTraceBehavior [ RunTime:0.002315s ]
INFO: [ app_end ] --END-- [ RunTime:0.002484s ]

[ 2015-04-13T17:26:50+08:00 ] 127.0.0.1 /About/index.html
INFO: [ app_init ] --START--
INFO: Run Behavior\BuildLiteBehavior [ RunTime:0.000035s ]
INFO: [ app_init ] --END-- [ RunTime:0.001004s ]
INFO: [ app_begin ] --START--
INFO: Run Behavior\ReadHtmlCacheBehavior [ RunTime:0.001404s ]
INFO: [ app_begin ] --END-- [ RunTime:0.001555s ]
SQL: SHOW COLUMNS FROM `nan_link_inc` [ RunTime:0.0518s ]
SQL: SHOW COLUMNS FROM `nan_onepage_inc` [ RunTime:0.0520s ]
SQL: SHOW COLUMNS FROM `nan_siteconfig_inc` [ RunTime:0.0537s ]
SQL: SELECT * FROM `nan_link_inc` WHERE `code` = 'top_nav' ORDER BY `sort` asc  [ RunTime:0.0510s ]
SQL: SELECT `content` FROM `nan_siteconfig_inc` WHERE `id` = 5 LIMIT 1   [ RunTime:0.0509s ]
SQL: SELECT `content` FROM `nan_onepage_inc` WHERE `code` = 'content_page' LIMIT 1   [ RunTime:0.0524s ]
INFO: [ view_parse ] --START--
INFO: [ template_filter ] --START--
INFO: Run Behavior\ContentReplaceBehavior [ RunTime:0.000344s ]
INFO: [ template_filter ] --END-- [ RunTime:0.000517s ]
INFO: Run Behavior\ParseTemplateBehavior [ RunTime:0.056584s ]
INFO: [ view_parse ] --END-- [ RunTime:0.056786s ]
INFO: [ view_filter ] --START--
INFO: Run Behavior\WriteHtmlCacheBehavior [ RunTime:0.001080s ]
INFO: [ view_filter ] --END-- [ RunTime:0.001231s ]
INFO: [ app_end ] --START--
INFO: Run Behavior\ShowPageTraceBehavior [ RunTime:0.001989s ]
INFO: [ app_end ] --END-- [ RunTime:0.002190s ]

[ 2015-04-13T17:26:54+08:00 ] 127.0.0.1 /
INFO: [ app_init ] --START--
INFO: Run Behavior\BuildLiteBehavior [ RunTime:0.000016s ]
INFO: [ app_init ] --END-- [ RunTime:0.000431s ]
INFO: [ app_begin ] --START--
INFO: Run Behavior\ReadHtmlCacheBehavior [ RunTime:0.000598s ]
INFO: [ app_begin ] --END-- [ RunTime:0.000668s ]
SQL: SHOW COLUMNS FROM `nan_link_inc` [ RunTime:0.0528s ]
SQL: SHOW COLUMNS FROM `nan_onepage_inc` [ RunTime:0.0487s ]
SQL: SHOW COLUMNS FROM `nan_siteconfig_inc` [ RunTime:0.0490s ]
SQL: SELECT * FROM `nan_link_inc` WHERE `code` = 'top_nav' ORDER BY `sort` asc  [ RunTime:0.0481s ]
SQL: SELECT `content` FROM `nan_siteconfig_inc` WHERE `id` = 5 LIMIT 1   [ RunTime:0.0517s ]
SQL: SHOW COLUMNS FROM `nan_article_inc` [ RunTime:0.0484s ]
SQL: SELECT `id`,`cat_id`,`title`,`dateline` FROM `nan_article_inc` ORDER BY `dateline` desc  [ RunTime:0.0484s ]
INFO: [ view_parse ] --START--
INFO: [ template_filter ] --START--
INFO: Run Behavior\ContentReplaceBehavior [ RunTime:0.000149s ]
INFO: [ template_filter ] --END-- [ RunTime:0.000216s ]
INFO: Run Behavior\ParseTemplateBehavior [ RunTime:0.015880s ]
INFO: [ view_parse ] --END-- [ RunTime:0.015957s ]
INFO: [ view_filter ] --START--
INFO: Run Behavior\WriteHtmlCacheBehavior [ RunTime:0.000373s ]
INFO: [ view_filter ] --END-- [ RunTime:0.000420s ]
INFO: [ app_end ] --START--
INFO: Run Behavior\ShowPageTraceBehavior [ RunTime:0.000604s ]
INFO: [ app_end ] --END-- [ RunTime:0.000659s ]

[ 2015-04-13T17:26:56+08:00 ] 127.0.0.1 /Siteprice/index.html
INFO: [ app_init ] --START--
INFO: Run Behavior\BuildLiteBehavior [ RunTime:0.000013s ]
INFO: [ app_init ] --END-- [ RunTime:0.000304s ]
INFO: [ app_begin ] --START--
INFO: Run Behavior\ReadHtmlCacheBehavior [ RunTime:0.000461s ]
INFO: [ app_begin ] --END-- [ RunTime:0.000510s ]
SQL: SHOW COLUMNS FROM `nan_link_inc` [ RunTime:0.0519s ]
SQL: SHOW COLUMNS FROM `nan_onepage_inc` [ RunTime:0.0500s ]
SQL: SHOW COLUMNS FROM `nan_siteconfig_inc` [ RunTime:0.0501s ]
SQL: SELECT * FROM `nan_link_inc` WHERE `code` = 'top_nav' ORDER BY `sort` asc  [ RunTime:0.0514s ]
SQL: SELECT `content` FROM `nan_siteconfig_inc` WHERE `id` = 5 LIMIT 1   [ RunTime:0.0514s ]
INFO: [ view_parse ] --START--
INFO: [ template_filter ] --START--
INFO: Run Behavior\ContentReplaceBehavior [ RunTime:0.000355s ]
INFO: [ template_filter ] --END-- [ RunTime:0.000466s ]
INFO: Run Behavior\ParseTemplateBehavior [ RunTime:0.080487s ]
INFO: [ view_parse ] --END-- [ RunTime:0.080617s ]
INFO: [ view_filter ] --START--
INFO: Run Behavior\WriteHtmlCacheBehavior [ RunTime:0.000312s ]
INFO: [ view_filter ] --END-- [ RunTime:0.000358s ]
INFO: [ app_end ] --START--
INFO: Run Behavior\ShowPageTraceBehavior [ RunTime:0.000585s ]
INFO: [ app_end ] --END-- [ RunTime:0.000667s ]

[ 2015-04-13T17:27:01+08:00 ] 127.0.0.1 /Product/index.html
INFO: [ app_init ] --START--
INFO: Run Behavior\BuildLiteBehavior [ RunTime:0.000027s ]
INFO: [ app_init ] --END-- [ RunTime:0.000731s ]
INFO: [ app_begin ] --START--
INFO: Run Behavior\ReadHtmlCacheBehavior [ RunTime:0.001145s ]
INFO: [ app_begin ] --END-- [ RunTime:0.001266s ]
SQL: SHOW COLUMNS FROM `nan_link_inc` [ RunTime:0.0501s ]
SQL: SHOW COLUMNS FROM `nan_onepage_inc` [ RunTime:0.0517s ]
SQL: SHOW COLUMNS FROM `nan_siteconfig_inc` [ RunTime:0.0515s ]
SQL: SELECT * FROM `nan_link_inc` WHERE `code` = 'top_nav' ORDER BY `sort` asc  [ RunTime:0.0511s ]
SQL: SELECT `content` FROM `nan_siteconfig_inc` WHERE `id` = 5 LIMIT 1   [ RunTime:0.0515s ]
SQL: SHOW COLUMNS FROM `nan_goods_inc` [ RunTime:0.0514s ]
SQL: SELECT COUNT(*) AS tp_count FROM `nan_goods_inc` LIMIT 1   [ RunTime:0.0505s ]
SQL: SELECT * FROM `nan_goods_inc` LIMIT 0,9   [ RunTime:0.0507s ]
INFO: [ view_parse ] --START--
INFO: [ template_filter ] --START--
INFO: Run Behavior\ContentReplaceBehavior [ RunTime:0.000170s ]
INFO: [ template_filter ] --END-- [ RunTime:0.000271s ]
INFO: Run Behavior\ParseTemplateBehavior [ RunTime:0.016661s ]
INFO: [ view_parse ] --END-- [ RunTime:0.016754s ]
INFO: [ view_filter ] --START--
INFO: Run Behavior\WriteHtmlCacheBehavior [ RunTime:0.000490s ]
INFO: [ view_filter ] --END-- [ RunTime:0.000544s ]
INFO: [ app_end ] --START--
INFO: Run Behavior\ShowPageTraceBehavior [ RunTime:0.000685s ]
INFO: [ app_end ] --END-- [ RunTime:0.000762s ]

[ 2015-04-13T17:27:01+08:00 ] 127.0.0.1 /Product/index/do/load/p/undefined/code/
INFO: [ app_init ] --START--
INFO: Run Behavior\BuildLiteBehavior [ RunTime:0.000023s ]
INFO: [ app_init ] --END-- [ RunTime:0.000539s ]
INFO: [ app_begin ] --START--
INFO: Run Behavior\ReadHtmlCacheBehavior [ RunTime:0.000564s ]
INFO: [ app_begin ] --END-- [ RunTime:0.000631s ]
SQL: SHOW COLUMNS FROM `nan_link_inc` [ RunTime:0.0519s ]
SQL: SHOW COLUMNS FROM `nan_onepage_inc` [ RunTime:0.0483s ]
SQL: SHOW COLUMNS FROM `nan_siteconfig_inc` [ RunTime:0.0480s ]
SQL: SELECT * FROM `nan_link_inc` WHERE `code` = 'top_nav' ORDER BY `sort` asc  [ RunTime:0.0479s ]
SQL: SELECT `content` FROM `nan_siteconfig_inc` WHERE `id` = 5 LIMIT 1   [ RunTime:0.0470s ]
SQL: SHOW COLUMNS FROM `nan_goods_inc` [ RunTime:0.0480s ]
SQL: SELECT COUNT(*) AS tp_count FROM `nan_goods_inc` LIMIT 1   [ RunTime:0.0465s ]
SQL: SELECT * FROM `nan_goods_inc` LIMIT 0,9   [ RunTime:0.0491s ]

[ 2015-04-13T17:27:03+08:00 ] 127.0.0.1 /Product/index.html
INFO: [ app_init ] --START--
INFO: Run Behavior\BuildLiteBehavior [ RunTime:0.000024s ]
INFO: [ app_init ] --END-- [ RunTime:0.000653s ]
INFO: [ app_begin ] --START--
INFO: Run Behavior\ReadHtmlCacheBehavior [ RunTime:0.000919s ]
INFO: [ app_begin ] --END-- [ RunTime:0.001017s ]
SQL: SHOW COLUMNS FROM `nan_link_inc` [ RunTime:0.0487s ]
SQL: SHOW COLUMNS FROM `nan_onepage_inc` [ RunTime:0.0478s ]
SQL: SHOW COLUMNS FROM `nan_siteconfig_inc` [ RunTime:0.0479s ]
SQL: SELECT * FROM `nan_link_inc` WHERE `code` = 'top_nav' ORDER BY `sort` asc  [ RunTime:0.0476s ]
SQL: SELECT `content` FROM `nan_siteconfig_inc` WHERE `id` = 5 LIMIT 1   [ RunTime:0.0485s ]
SQL: SHOW COLUMNS FROM `nan_goods_inc` [ RunTime:0.0485s ]
SQL: SELECT COUNT(*) AS tp_count FROM `nan_goods_inc` LIMIT 1   [ RunTime:0.0479s ]
SQL: SELECT * FROM `nan_goods_inc` LIMIT 0,9   [ RunTime:0.0488s ]
INFO: [ view_parse ] --START--
INFO: [ template_filter ] --START--
INFO: Run Behavior\ContentReplaceBehavior [ RunTime:0.000103s ]
INFO: [ template_filter ] --END-- [ RunTime:0.000160s ]
INFO: Run Behavior\ParseTemplateBehavior [ RunTime:0.011153s ]
INFO: [ view_parse ] --END-- [ RunTime:0.011242s ]
INFO: [ view_filter ] --START--
INFO: Run Behavior\WriteHtmlCacheBehavior [ RunTime:0.000465s ]
INFO: [ view_filter ] --END-- [ RunTime:0.000510s ]
INFO: [ app_end ] --START--
INFO: Run Behavior\ShowPageTraceBehavior [ RunTime:0.000603s ]
INFO: [ app_end ] --END-- [ RunTime:0.000674s ]

[ 2015-04-13T17:27:04+08:00 ] 127.0.0.1 /Product/index/do/load/p/undefined/code/
INFO: [ app_init ] --START--
INFO: Run Behavior\BuildLiteBehavior [ RunTime:0.000018s ]
INFO: [ app_init ] --END-- [ RunTime:0.000365s ]
INFO: [ app_begin ] --START--
INFO: Run Behavior\ReadHtmlCacheBehavior [ RunTime:0.000775s ]
INFO: [ app_begin ] --END-- [ RunTime:0.000862s ]
SQL: SHOW COLUMNS FROM `nan_link_inc` [ RunTime:0.0528s ]
SQL: SHOW COLUMNS FROM `nan_onepage_inc` [ RunTime:0.0515s ]
SQL: SHOW COLUMNS FROM `nan_siteconfig_inc` [ RunTime:0.0500s ]
SQL: SELECT * FROM `nan_link_inc` WHERE `code` = 'top_nav' ORDER BY `sort` asc  [ RunTime:0.0510s ]
SQL: SELECT `content` FROM `nan_siteconfig_inc` WHERE `id` = 5 LIMIT 1   [ RunTime:0.0507s ]
SQL: SHOW COLUMNS FROM `nan_goods_inc` [ RunTime:0.0517s ]
SQL: SELECT COUNT(*) AS tp_count FROM `nan_goods_inc` LIMIT 1   [ RunTime:0.0494s ]
SQL: SELECT * FROM `nan_goods_inc` LIMIT 0,9   [ RunTime:0.0513s ]

[ 2015-04-13T17:27:06+08:00 ] 127.0.0.1 /Information/index.html
INFO: [ app_init ] --START--
INFO: Run Behavior\BuildLiteBehavior [ RunTime:0.000022s ]
INFO: [ app_init ] --END-- [ RunTime:0.000616s ]
INFO: [ app_begin ] --START--
INFO: Run Behavior\ReadHtmlCacheBehavior [ RunTime:0.000670s ]
INFO: [ app_begin ] --END-- [ RunTime:0.000734s ]
SQL: SHOW COLUMNS FROM `nan_link_inc` [ RunTime:0.0517s ]
SQL: SHOW COLUMNS FROM `nan_onepage_inc` [ RunTime:0.0548s ]
SQL: SHOW COLUMNS FROM `nan_siteconfig_inc` [ RunTime:0.0510s ]
SQL: SELECT * FROM `nan_link_inc` WHERE `code` = 'top_nav' ORDER BY `sort` asc  [ RunTime:0.0518s ]
SQL: SELECT `content` FROM `nan_siteconfig_inc` WHERE `id` = 5 LIMIT 1   [ RunTime:0.0514s ]
SQL: SHOW COLUMNS FROM `nan_article_inc` [ RunTime:0.0509s ]
SQL: SELECT COUNT(*) AS tp_count FROM `nan_article_inc` WHERE `cat_id` = 1 LIMIT 1   [ RunTime:0.0504s ]
SQL: SELECT * FROM `nan_article_inc` WHERE `cat_id` = 1 ORDER BY `dateline` desc LIMIT 0,10   [ RunTime:0.1051s ]
INFO: [ view_parse ] --START--
INFO: [ template_filter ] --START--
INFO: Run Behavior\ContentReplaceBehavior [ RunTime:0.000226s ]
INFO: [ template_filter ] --END-- [ RunTime:0.000348s ]
NOTIC: [8] Undefined variable: cat F:\www\robot\Application\Runtime\Cache\Home\5c4ed62d74554f8a63088a7040024e82.php 第 111 行.
NOTIC: [8] Undefined variable: cat F:\www\robot\Application\Runtime\Cache\Home\5c4ed62d74554f8a63088a7040024e82.php 第 111 行.
INFO: Run Behavior\ParseTemplateBehavior [ RunTime:0.035910s ]
INFO: [ view_parse ] --END-- [ RunTime:0.036062s ]
INFO: [ view_filter ] --START--
INFO: Run Behavior\WriteHtmlCacheBehavior [ RunTime:0.000688s ]
INFO: [ view_filter ] --END-- [ RunTime:0.000784s ]
INFO: [ app_end ] --START--
INFO: Run Behavior\ShowPageTraceBehavior [ RunTime:0.001502s ]
INFO: [ app_end ] --END-- [ RunTime:0.001651s ]

[ 2015-04-13T17:27:09+08:00 ] 127.0.0.1 /About/index.html
INFO: [ app_init ] --START--
INFO: Run Behavior\BuildLiteBehavior [ RunTime:0.000027s ]
INFO: [ app_init ] --END-- [ RunTime:0.000536s ]
INFO: [ app_begin ] --START--
INFO: Run Behavior\ReadHtmlCacheBehavior [ RunTime:0.000781s ]
INFO: [ app_begin ] --END-- [ RunTime:0.000863s ]
SQL: SHOW COLUMNS FROM `nan_link_inc` [ RunTime:0.0488s ]
SQL: SHOW COLUMNS FROM `nan_onepage_inc` [ RunTime:0.0480s ]
SQL: SHOW COLUMNS FROM `nan_siteconfig_inc` [ RunTime:0.0541s ]
SQL: SELECT * FROM `nan_link_inc` WHERE `code` = 'top_nav' ORDER BY `sort` asc  [ RunTime:0.0482s ]
SQL: SELECT `content` FROM `nan_siteconfig_inc` WHERE `id` = 5 LIMIT 1   [ RunTime:0.0470s ]
SQL: SELECT `content` FROM `nan_onepage_inc` WHERE `code` = 'content_page' LIMIT 1   [ RunTime:0.0490s ]
INFO: [ view_parse ] --START--
INFO: [ template_filter ] --START--
INFO: Run Behavior\ContentReplaceBehavior [ RunTime:0.000125s ]
INFO: [ template_filter ] --END-- [ RunTime:0.000197s ]
INFO: Run Behavior\ParseTemplateBehavior [ RunTime:0.017269s ]
INFO: [ view_parse ] --END-- [ RunTime:0.017361s ]
INFO: [ view_filter ] --START--
INFO: Run Behavior\WriteHtmlCacheBehavior [ RunTime:0.000459s ]
INFO: [ view_filter ] --END-- [ RunTime:0.000510s ]
INFO: [ app_end ] --START--
INFO: Run Behavior\ShowPageTraceBehavior [ RunTime:0.000674s ]
INFO: [ app_end ] --END-- [ RunTime:0.000738s ]

[ 2015-04-13T17:27:15+08:00 ] 127.0.0.1 /About/mony.html
INFO: [ app_init ] --START--
INFO: Run Behavior\BuildLiteBehavior [ RunTime:0.000012s ]
INFO: [ app_init ] --END-- [ RunTime:0.000502s ]
INFO: [ app_begin ] --START--
INFO: Run Behavior\ReadHtmlCacheBehavior [ RunTime:0.000502s ]
INFO: [ app_begin ] --END-- [ RunTime:0.000552s ]
SQL: SHOW COLUMNS FROM `nan_link_inc` [ RunTime:0.0491s ]
SQL: SHOW COLUMNS FROM `nan_onepage_inc` [ RunTime:0.0480s ]
SQL: SHOW COLUMNS FROM `nan_siteconfig_inc` [ RunTime:0.0475s ]
SQL: SELECT * FROM `nan_link_inc` WHERE `code` = 'top_nav' ORDER BY `sort` asc  [ RunTime:0.0482s ]
SQL: SELECT `content` FROM `nan_siteconfig_inc` WHERE `id` = 5 LIMIT 1   [ RunTime:0.0484s ]
INFO: [ view_parse ] --START--
INFO: [ template_filter ] --START--
INFO: Run Behavior\ContentReplaceBehavior [ RunTime:0.000206s ]
INFO: [ template_filter ] --END-- [ RunTime:0.000314s ]
INFO: Run Behavior\ParseTemplateBehavior [ RunTime:0.039050s ]
INFO: [ view_parse ] --END-- [ RunTime:0.039226s ]
INFO: [ view_filter ] --START--
INFO: Run Behavior\WriteHtmlCacheBehavior [ RunTime:0.000636s ]
INFO: [ view_filter ] --END-- [ RunTime:0.000717s ]
INFO: [ app_end ] --START--
INFO: Run Behavior\ShowPageTraceBehavior [ RunTime:0.001076s ]
INFO: [ app_end ] --END-- [ RunTime:0.001186s ]

[ 2015-04-13T17:27:17+08:00 ] 127.0.0.1 /About/joinus.html
INFO: [ app_init ] --START--
INFO: Run Behavior\BuildLiteBehavior [ RunTime:0.000031s ]
INFO: [ app_init ] --END-- [ RunTime:0.000966s ]
INFO: [ app_begin ] --START--
INFO: Run Behavior\ReadHtmlCacheBehavior [ RunTime:0.001407s ]
INFO: [ app_begin ] --END-- [ RunTime:0.001548s ]
SQL: SHOW COLUMNS FROM `nan_link_inc` [ RunTime:0.0521s ]
SQL: SHOW COLUMNS FROM `nan_onepage_inc` [ RunTime:0.0502s ]
SQL: SHOW COLUMNS FROM `nan_siteconfig_inc` [ RunTime:0.0675s ]
SQL: SELECT * FROM `nan_link_inc` WHERE `code` = 'top_nav' ORDER BY `sort` asc  [ RunTime:0.0510s ]
SQL: SELECT `content` FROM `nan_siteconfig_inc` WHERE `id` = 5 LIMIT 1   [ RunTime:0.0510s ]
SQL: SELECT * FROM `nan_onepage_inc` WHERE `code` = 'zhaopin_page'  [ RunTime:0.0513s ]
INFO: [ view_parse ] --START--
INFO: [ template_filter ] --START--
INFO: Run Behavior\ContentReplaceBehavior [ RunTime:0.000409s ]
INFO: [ template_filter ] --END-- [ RunTime:0.000583s ]
INFO: Run Behavior\ParseTemplateBehavior [ RunTime:0.047528s ]
INFO: [ view_parse ] --END-- [ RunTime:0.047716s ]
INFO: [ view_filter ] --START--
INFO: Run Behavior\WriteHtmlCacheBehavior [ RunTime:0.000992s ]
INFO: [ view_filter ] --END-- [ RunTime:0.001120s ]
INFO: [ app_end ] --START--
INFO: Run Behavior\ShowPageTraceBehavior [ RunTime:0.001869s ]
INFO: [ app_end ] --END-- [ RunTime:0.002142s ]

[ 2015-04-13T17:27:45+08:00 ] 127.0.0.1 /
INFO: [ app_init ] --START--
INFO: Run Behavior\BuildLiteBehavior [ RunTime:0.000023s ]
INFO: [ app_init ] --END-- [ RunTime:0.000655s ]
INFO: [ app_begin ] --START--
INFO: Run Behavior\ReadHtmlCacheBehavior [ RunTime:0.000900s ]
INFO: [ app_begin ] --END-- [ RunTime:0.001004s ]
SQL: SHOW COLUMNS FROM `nan_link_inc` [ RunTime:0.0496s ]
SQL: SHOW COLUMNS FROM `nan_onepage_inc` [ RunTime:0.0483s ]
SQL: SHOW COLUMNS FROM `nan_siteconfig_inc` [ RunTime:0.0482s ]
SQL: SELECT * FROM `nan_link_inc` WHERE `code` = 'top_nav' ORDER BY `sort` asc  [ RunTime:0.0478s ]
SQL: SELECT `content` FROM `nan_siteconfig_inc` WHERE `id` = 5 LIMIT 1   [ RunTime:0.0482s ]
SQL: SHOW COLUMNS FROM `nan_article_inc` [ RunTime:0.0490s ]
SQL: SELECT `id`,`cat_id`,`title`,`dateline` FROM `nan_article_inc` ORDER BY `dateline` desc  [ RunTime:0.0485s ]
INFO: [ view_parse ] --START--
INFO: [ template_filter ] --START--
INFO: Run Behavior\ContentReplaceBehavior [ RunTime:0.000231s ]
INFO: [ template_filter ] --END-- [ RunTime:0.000328s ]
INFO: Run Behavior\ParseTemplateBehavior [ RunTime:0.032282s ]
INFO: [ view_parse ] --END-- [ RunTime:0.032417s ]
INFO: [ view_filter ] --START--
INFO: Run Behavior\WriteHtmlCacheBehavior [ RunTime:0.000689s ]
INFO: [ view_filter ] --END-- [ RunTime:0.000764s ]
INFO: [ app_end ] --START--
INFO: Run Behavior\ShowPageTraceBehavior [ RunTime:0.000896s ]
INFO: [ app_end ] --END-- [ RunTime:0.000982s ]

[ 2015-04-13T17:28:46+08:00 ] 127.0.0.1 /Product/index.html
INFO: [ app_init ] --START--
INFO: Run Behavior\BuildLiteBehavior [ RunTime:0.000016s ]
INFO: [ app_init ] --END-- [ RunTime:0.000402s ]
INFO: [ app_begin ] --START--
INFO: Run Behavior\ReadHtmlCacheBehavior [ RunTime:0.000530s ]
INFO: [ app_begin ] --END-- [ RunTime:0.000601s ]
SQL: SHOW COLUMNS FROM `nan_link_inc` [ RunTime:0.0474s ]
SQL: SHOW COLUMNS FROM `nan_onepage_inc` [ RunTime:0.0490s ]
SQL: SHOW COLUMNS FROM `nan_siteconfig_inc` [ RunTime:0.0487s ]
SQL: SELECT * FROM `nan_link_inc` WHERE `code` = 'top_nav' ORDER BY `sort` asc  [ RunTime:0.0472s ]
SQL: SELECT `content` FROM `nan_siteconfig_inc` WHERE `id` = 5 LIMIT 1   [ RunTime:0.0482s ]
SQL: SHOW COLUMNS FROM `nan_goods_inc` [ RunTime:0.0482s ]
SQL: SELECT COUNT(*) AS tp_count FROM `nan_goods_inc` LIMIT 1   [ RunTime:0.0503s ]
SQL: SELECT * FROM `nan_goods_inc` LIMIT 0,9   [ RunTime:0.0483s ]
INFO: [ view_parse ] --START--
INFO: [ template_filter ] --START--
INFO: Run Behavior\ContentReplaceBehavior [ RunTime:0.000208s ]
INFO: [ template_filter ] --END-- [ RunTime:0.000317s ]
INFO: Run Behavior\ParseTemplateBehavior [ RunTime:0.021045s ]
INFO: [ view_parse ] --END-- [ RunTime:0.021159s ]
INFO: [ view_filter ] --START--
INFO: Run Behavior\WriteHtmlCacheBehavior [ RunTime:0.000576s ]
INFO: [ view_filter ] --END-- [ RunTime:0.000650s ]
INFO: [ app_end ] --START--
INFO: Run Behavior\ShowPageTraceBehavior [ RunTime:0.000885s ]
INFO: [ app_end ] --END-- [ RunTime:0.000975s ]

[ 2015-04-13T17:28:47+08:00 ] 127.0.0.1 /Product/index/do/load/p/undefined/code/
INFO: [ app_init ] --START--
INFO: Run Behavior\BuildLiteBehavior [ RunTime:0.000057s ]
INFO: [ app_init ] --END-- [ RunTime:0.000437s ]
INFO: [ app_begin ] --START--
INFO: Run Behavior\ReadHtmlCacheBehavior [ RunTime:0.000488s ]
INFO: [ app_begin ] --END-- [ RunTime:0.000560s ]
SQL: SHOW COLUMNS FROM `nan_link_inc` [ RunTime:0.0489s ]
SQL: SHOW COLUMNS FROM `nan_onepage_inc` [ RunTime:0.0489s ]
SQL: SHOW COLUMNS FROM `nan_siteconfig_inc` [ RunTime:0.0483s ]
SQL: SELECT * FROM `nan_link_inc` WHERE `code` = 'top_nav' ORDER BY `sort` asc  [ RunTime:0.0491s ]
SQL: SELECT `content` FROM `nan_siteconfig_inc` WHERE `id` = 5 LIMIT 1   [ RunTime:0.0484s ]
SQL: SHOW COLUMNS FROM `nan_goods_inc` [ RunTime:0.0483s ]
SQL: SELECT COUNT(*) AS tp_count FROM `nan_goods_inc` LIMIT 1   [ RunTime:0.0481s ]
SQL: SELECT * FROM `nan_goods_inc` LIMIT 0,9   [ RunTime:0.0487s ]

[ 2015-04-13T17:33:08+08:00 ] 127.0.0.1 /Siteprice/index.html
INFO: [ app_init ] --START--
INFO: Run Behavior\BuildLiteBehavior [ RunTime:0.000021s ]
INFO: [ app_init ] --END-- [ RunTime:0.000644s ]
INFO: [ app_begin ] --START--
INFO: Run Behavior\ReadHtmlCacheBehavior [ RunTime:0.000518s ]
INFO: [ app_begin ] --END-- [ RunTime:0.000561s ]
SQL: SHOW COLUMNS FROM `nan_link_inc` [ RunTime:0.0476s ]
SQL: SHOW COLUMNS FROM `nan_onepage_inc` [ RunTime:0.0481s ]
SQL: SHOW COLUMNS FROM `nan_siteconfig_inc` [ RunTime:0.0486s ]
SQL: SELECT * FROM `nan_link_inc` WHERE `code` = 'top_nav' ORDER BY `sort` asc  [ RunTime:0.0489s ]
SQL: SELECT `content` FROM `nan_siteconfig_inc` WHERE `id` = 5 LIMIT 1   [ RunTime:0.0478s ]
INFO: [ view_parse ] --START--
INFO: [ template_filter ] --START--
INFO: Run Behavior\ContentReplaceBehavior [ RunTime:0.000446s ]
INFO: [ template_filter ] --END-- [ RunTime:0.000571s ]
INFO: Run Behavior\ParseTemplateBehavior [ RunTime:0.041545s ]
INFO: [ view_parse ] --END-- [ RunTime:0.041697s ]
INFO: [ view_filter ] --START--
INFO: Run Behavior\WriteHtmlCacheBehavior [ RunTime:0.000773s ]
INFO: [ view_filter ] --END-- [ RunTime:0.000869s ]
INFO: [ app_end ] --START--
INFO: Run Behavior\ShowPageTraceBehavior [ RunTime:0.001410s ]
INFO: [ app_end ] --END-- [ RunTime:0.001550s ]

[ 2015-04-13T17:33:11+08:00 ] 127.0.0.1 /Siteprice/care.html
INFO: [ app_init ] --START--
INFO: Run Behavior\BuildLiteBehavior [ RunTime:0.000034s ]
INFO: [ app_init ] --END-- [ RunTime:0.000988s ]
INFO: [ app_begin ] --START--
INFO: Run Behavior\ReadHtmlCacheBehavior [ RunTime:0.000932s ]
INFO: [ app_begin ] --END-- [ RunTime:0.001024s ]
SQL: SHOW COLUMNS FROM `nan_link_inc` [ RunTime:0.0484s ]
SQL: SHOW COLUMNS FROM `nan_onepage_inc` [ RunTime:0.0484s ]
SQL: SHOW COLUMNS FROM `nan_siteconfig_inc` [ RunTime:0.0468s ]
SQL: SELECT * FROM `nan_link_inc` WHERE `code` = 'top_nav' ORDER BY `sort` asc  [ RunTime:0.0483s ]
SQL: SELECT `content` FROM `nan_siteconfig_inc` WHERE `id` = 5 LIMIT 1   [ RunTime:0.0470s ]
INFO: [ view_parse ] --START--
INFO: [ template_filter ] --START--
INFO: Run Behavior\ContentReplaceBehavior [ RunTime:0.000295s ]
INFO: [ template_filter ] --END-- [ RunTime:0.000407s ]
INFO: Run Behavior\ParseTemplateBehavior [ RunTime:0.041298s ]
INFO: [ view_parse ] --END-- [ RunTime:0.041411s ]
INFO: [ view_filter ] --START--
INFO: Run Behavior\WriteHtmlCacheBehavior [ RunTime:0.000845s ]
INFO: [ view_filter ] --END-- [ RunTime:0.000937s ]
INFO: [ app_end ] --START--
INFO: Run Behavior\ShowPageTraceBehavior [ RunTime:0.001153s ]
INFO: [ app_end ] --END-- [ RunTime:0.001280s ]

[ 2015-04-13T17:33:12+08:00 ] 127.0.0.1 /Siteprice/index.html
INFO: [ app_init ] --START--
INFO: Run Behavior\BuildLiteBehavior [ RunTime:0.000026s ]
INFO: [ app_init ] --END-- [ RunTime:0.000717s ]
INFO: [ app_begin ] --START--
INFO: Run Behavior\ReadHtmlCacheBehavior [ RunTime:0.001019s ]
INFO: [ app_begin ] --END-- [ RunTime:0.001130s ]
SQL: SHOW COLUMNS FROM `nan_link_inc` [ RunTime:0.0516s ]
SQL: SHOW COLUMNS FROM `nan_onepage_inc` [ RunTime:0.0524s ]
SQL: SHOW COLUMNS FROM `nan_siteconfig_inc` [ RunTime:0.0516s ]
SQL: SELECT * FROM `nan_link_inc` WHERE `code` = 'top_nav' ORDER BY `sort` asc  [ RunTime:0.0512s ]
SQL: SELECT `content` FROM `nan_siteconfig_inc` WHERE `id` = 5 LIMIT 1   [ RunTime:0.0503s ]
INFO: [ view_parse ] --START--
INFO: [ template_filter ] --START--
INFO: Run Behavior\ContentReplaceBehavior [ RunTime:0.000371s ]
INFO: [ template_filter ] --END-- [ RunTime:0.000460s ]
INFO: Run Behavior\ParseTemplateBehavior [ RunTime:0.025030s ]
INFO: [ view_parse ] --END-- [ RunTime:0.025179s ]
INFO: [ view_filter ] --START--
INFO: Run Behavior\WriteHtmlCacheBehavior [ RunTime:0.000573s ]
INFO: [ view_filter ] --END-- [ RunTime:0.000641s ]
INFO: [ app_end ] --START--
INFO: Run Behavior\ShowPageTraceBehavior [ RunTime:0.000876s ]
INFO: [ app_end ] --END-- [ RunTime:0.000970s ]

[ 2015-04-13T17:33:32+08:00 ] 127.0.0.1 /
INFO: [ app_init ] --START--
INFO: Run Behavior\BuildLiteBehavior [ RunTime:0.000015s ]
INFO: [ app_init ] --END-- [ RunTime:0.000370s ]
INFO: [ app_begin ] --START--
INFO: Run Behavior\ReadHtmlCacheBehavior [ RunTime:0.000525s ]
INFO: [ app_begin ] --END-- [ RunTime:0.000596s ]
SQL: SHOW COLUMNS FROM `nan_link_inc` [ RunTime:0.0486s ]
SQL: SHOW COLUMNS FROM `nan_onepage_inc` [ RunTime:0.0546s ]
SQL: SHOW COLUMNS FROM `nan_siteconfig_inc` [ RunTime:0.0477s ]
SQL: SELECT * FROM `nan_link_inc` WHERE `code` = 'top_nav' ORDER BY `sort` asc  [ RunTime:0.0485s ]
SQL: SELECT `content` FROM `nan_siteconfig_inc` WHERE `id` = 5 LIMIT 1   [ RunTime:0.0543s ]
SQL: SHOW COLUMNS FROM `nan_article_inc` [ RunTime:0.0473s ]
SQL: SELECT `id`,`cat_id`,`title`,`dateline` FROM `nan_article_inc` ORDER BY `dateline` desc  [ RunTime:0.0486s ]
INFO: [ view_parse ] --START--
INFO: [ template_filter ] --START--
INFO: Run Behavior\ContentReplaceBehavior [ RunTime:0.000110s ]
INFO: [ template_filter ] --END-- [ RunTime:0.000166s ]
INFO: Run Behavior\ParseTemplateBehavior [ RunTime:0.012750s ]
INFO: [ view_parse ] --END-- [ RunTime:0.012876s ]
INFO: [ view_filter ] --START--
INFO: Run Behavior\WriteHtmlCacheBehavior [ RunTime:0.000500s ]
INFO: [ view_filter ] --END-- [ RunTime:0.000553s ]
INFO: [ app_end ] --START--
INFO: Run Behavior\ShowPageTraceBehavior [ RunTime:0.000679s ]
INFO: [ app_end ] --END-- [ RunTime:0.000733s ]

[ 2015-04-13T17:34:34+08:00 ] 127.0.0.1 /Siteprice/index.html
INFO: [ app_init ] --START--
INFO: Run Behavior\BuildLiteBehavior [ RunTime:0.000015s ]
INFO: [ app_init ] --END-- [ RunTime:0.000392s ]
INFO: [ app_begin ] --START--
INFO: Run Behavior\ReadHtmlCacheBehavior [ RunTime:0.000647s ]
INFO: [ app_begin ] --END-- [ RunTime:0.000709s ]
SQL: SHOW COLUMNS FROM `nan_link_inc` [ RunTime:0.0482s ]
SQL: SHOW COLUMNS FROM `nan_onepage_inc` [ RunTime:0.0486s ]
SQL: SHOW COLUMNS FROM `nan_siteconfig_inc` [ RunTime:0.0481s ]
SQL: SELECT * FROM `nan_link_inc` WHERE `code` = 'top_nav' ORDER BY `sort` asc  [ RunTime:0.0485s ]
SQL: SELECT `content` FROM `nan_siteconfig_inc` WHERE `id` = 5 LIMIT 1   [ RunTime:0.0478s ]
INFO: [ view_parse ] --START--
INFO: [ template_filter ] --START--
INFO: Run Behavior\ContentReplaceBehavior [ RunTime:0.000230s ]
INFO: [ template_filter ] --END-- [ RunTime:0.000299s ]
INFO: Run Behavior\ParseTemplateBehavior [ RunTime:0.017662s ]
INFO: [ view_parse ] --END-- [ RunTime:0.017756s ]
INFO: [ view_filter ] --START--
INFO: Run Behavior\WriteHtmlCacheBehavior [ RunTime:0.000395s ]
INFO: [ view_filter ] --END-- [ RunTime:0.000445s ]
INFO: [ app_end ] --START--
INFO: Run Behavior\ShowPageTraceBehavior [ RunTime:0.000563s ]
INFO: [ app_end ] --END-- [ RunTime:0.000621s ]

