[ 2015-04-10T10:05:41+08:00 ] 127.0.0.1 /Product/index/do/load/p/undefined/code/
INFO: [ app_begin ] --START--
INFO: Run Behavior\ReadHtmlCacheBehavior [ RunTime:0.000381s ]
INFO: [ app_begin ] --END-- [ RunTime:0.000641s ]
SQL: SHOW COLUMNS FROM `nan_link_inc` [ RunTime:0.0481s ]
SQL: SHOW COLUMNS FROM `nan_onepage_inc` [ RunTime:0.0480s ]
SQL: SHOW COLUMNS FROM `nan_siteconfig_inc` [ RunTime:0.0487s ]
SQL: SELECT * FROM `nan_link_inc` WHERE `code` = 'top_nav' ORDER BY `sort` asc  [ RunTime:0.0480s ]
SQL: SELECT `content` FROM `nan_siteconfig_inc` WHERE `id` = 5 LIMIT 1   [ RunTime:0.0479s ]
SQL: SHOW COLUMNS FROM `nan_goods_inc` [ RunTime:0.0485s ]
SQL: SELECT COUNT(*) AS tp_count FROM `nan_goods_inc` LIMIT 1   [ RunTime:0.0478s ]
SQL: SELECT * FROM `nan_goods_inc` LIMIT 0,9   [ RunTime:0.0493s ]

[ 2015-04-10T10:05:45+08:00 ] 127.0.0.1 /Product/index/do/load/p/undefined/code/computer
INFO: [ app_begin ] --START--
INFO: Run Behavior\ReadHtmlCacheBehavior [ RunTime:0.000808s ]
INFO: [ app_begin ] --END-- [ RunTime:0.001415s ]
SQL: SHOW COLUMNS FROM `nan_link_inc` [ RunTime:0.0480s ]
SQL: SHOW COLUMNS FROM `nan_onepage_inc` [ RunTime:0.0484s ]
SQL: SHOW COLUMNS FROM `nan_siteconfig_inc` [ RunTime:0.0467s ]
SQL: SELECT * FROM `nan_link_inc` WHERE `code` = 'top_nav' ORDER BY `sort` asc  [ RunTime:0.0473s ]
SQL: SELECT `content` FROM `nan_siteconfig_inc` WHERE `id` = 5 LIMIT 1   [ RunTime:0.0470s ]
SQL: SHOW COLUMNS FROM `nan_goods_inc` [ RunTime:0.0489s ]
SQL: SELECT COUNT(*) AS tp_count FROM `nan_goods_inc` WHERE `code` = 'computer' LIMIT 1   [ RunTime:0.0476s ]
SQL: SELECT * FROM `nan_goods_inc` WHERE `code` = 'computer' LIMIT 0,9   [ RunTime:0.0484s ]

[ 2015-04-10T10:05:46+08:00 ] 127.0.0.1 /Product/index/do/load/p/undefined/code/artware
INFO: [ app_begin ] --START--
INFO: Run Behavior\ReadHtmlCacheBehavior [ RunTime:0.000602s ]
INFO: [ app_begin ] --END-- [ RunTime:0.001098s ]
SQL: SHOW COLUMNS FROM `nan_link_inc` [ RunTime:0.0484s ]
SQL: SHOW COLUMNS FROM `nan_onepage_inc` [ RunTime:0.0491s ]
SQL: SHOW COLUMNS FROM `nan_siteconfig_inc` [ RunTime:0.0483s ]
SQL: SELECT * FROM `nan_link_inc` WHERE `code` = 'top_nav' ORDER BY `sort` asc  [ RunTime:0.0479s ]
SQL: SELECT `content` FROM `nan_siteconfig_inc` WHERE `id` = 5 LIMIT 1   [ RunTime:0.0476s ]
SQL: SHOW COLUMNS FROM `nan_goods_inc` [ RunTime:0.0488s ]
SQL: SELECT COUNT(*) AS tp_count FROM `nan_goods_inc` WHERE `code` = 'artware' LIMIT 1   [ RunTime:0.0503s ]
SQL: SELECT * FROM `nan_goods_inc` WHERE `code` = 'artware' LIMIT 0,9   [ RunTime:0.0498s ]

[ 2015-04-10T10:05:50+08:00 ] 127.0.0.1 /Product/index/do/load/p/undefined/code/
INFO: [ app_begin ] --START--
INFO: Run Behavior\ReadHtmlCacheBehavior [ RunTime:0.000352s ]
INFO: [ app_begin ] --END-- [ RunTime:0.000618s ]
SQL: SHOW COLUMNS FROM `nan_link_inc` [ RunTime:0.0460s ]
SQL: SHOW COLUMNS FROM `nan_onepage_inc` [ RunTime:0.0461s ]
SQL: SHOW COLUMNS FROM `nan_siteconfig_inc` [ RunTime:0.0457s ]
SQL: SELECT * FROM `nan_link_inc` WHERE `code` = 'top_nav' ORDER BY `sort` asc  [ RunTime:0.0458s ]
SQL: SELECT `content` FROM `nan_siteconfig_inc` WHERE `id` = 5 LIMIT 1   [ RunTime:0.0454s ]
SQL: SHOW COLUMNS FROM `nan_goods_inc` [ RunTime:0.0458s ]
SQL: SELECT COUNT(*) AS tp_count FROM `nan_goods_inc` LIMIT 1   [ RunTime:0.0453s ]
SQL: SELECT * FROM `nan_goods_inc` LIMIT 0,9   [ RunTime:0.0468s ]

[ 2015-04-10T10:17:12+08:00 ] 127.0.0.1 /Product/index/do/load/p/undefined/code/
INFO: [ app_begin ] --START--
INFO: Run Behavior\ReadHtmlCacheBehavior [ RunTime:0.000362s ]
INFO: [ app_begin ] --END-- [ RunTime:0.000662s ]
SQL: SHOW COLUMNS FROM `nan_link_inc` [ RunTime:0.0480s ]
SQL: SHOW COLUMNS FROM `nan_onepage_inc` [ RunTime:0.0481s ]
SQL: SHOW COLUMNS FROM `nan_siteconfig_inc` [ RunTime:0.0486s ]
SQL: SELECT * FROM `nan_link_inc` WHERE `code` = 'top_nav' ORDER BY `sort` asc  [ RunTime:0.0483s ]
SQL: SELECT `content` FROM `nan_siteconfig_inc` WHERE `id` = 5 LIMIT 1   [ RunTime:0.0476s ]
SQL: SHOW COLUMNS FROM `nan_goods_inc` [ RunTime:0.0476s ]
SQL: SELECT COUNT(*) AS tp_count FROM `nan_goods_inc` LIMIT 1   [ RunTime:0.0479s ]
SQL: SELECT * FROM `nan_goods_inc` LIMIT 0,9   [ RunTime:0.0492s ]

[ 2015-04-10T10:17:17+08:00 ] 127.0.0.1 /Product/index/do/load/p/undefined/code/
INFO: [ app_begin ] --START--
INFO: Run Behavior\ReadHtmlCacheBehavior [ RunTime:0.000471s ]
INFO: [ app_begin ] --END-- [ RunTime:0.000777s ]
SQL: SHOW COLUMNS FROM `nan_link_inc` [ RunTime:0.0615s ]
SQL: SHOW COLUMNS FROM `nan_onepage_inc` [ RunTime:0.0451s ]
SQL: SHOW COLUMNS FROM `nan_siteconfig_inc` [ RunTime:0.0440s ]
SQL: SELECT * FROM `nan_link_inc` WHERE `code` = 'top_nav' ORDER BY `sort` asc  [ RunTime:0.0446s ]
SQL: SELECT `content` FROM `nan_siteconfig_inc` WHERE `id` = 5 LIMIT 1   [ RunTime:0.0437s ]
SQL: SHOW COLUMNS FROM `nan_goods_inc` [ RunTime:0.0474s ]
SQL: SELECT COUNT(*) AS tp_count FROM `nan_goods_inc` LIMIT 1   [ RunTime:0.0435s ]
SQL: SELECT * FROM `nan_goods_inc` LIMIT 0,9   [ RunTime:0.0450s ]

[ 2015-04-10T10:17:20+08:00 ] 127.0.0.1 /Product/index/do/load/p/undefined/code/
INFO: [ app_begin ] --START--
INFO: Run Behavior\ReadHtmlCacheBehavior [ RunTime:0.000457s ]
INFO: [ app_begin ] --END-- [ RunTime:0.000840s ]
SQL: SHOW COLUMNS FROM `nan_link_inc` [ RunTime:0.0486s ]
SQL: SHOW COLUMNS FROM `nan_onepage_inc` [ RunTime:0.0489s ]
SQL: SHOW COLUMNS FROM `nan_siteconfig_inc` [ RunTime:0.0509s ]
SQL: SELECT * FROM `nan_link_inc` WHERE `code` = 'top_nav' ORDER BY `sort` asc  [ RunTime:0.0487s ]
SQL: SELECT `content` FROM `nan_siteconfig_inc` WHERE `id` = 5 LIMIT 1   [ RunTime:0.0482s ]
SQL: SHOW COLUMNS FROM `nan_goods_inc` [ RunTime:0.0485s ]
SQL: SELECT COUNT(*) AS tp_count FROM `nan_goods_inc` LIMIT 1   [ RunTime:0.0506s ]
SQL: SELECT * FROM `nan_goods_inc` LIMIT 0,9   [ RunTime:0.0493s ]

[ 2015-04-10T11:01:59+08:00 ] 127.0.0.1 /Product/index/do/load/p/undefined/code/
INFO: [ app_begin ] --START--
INFO: Run Behavior\ReadHtmlCacheBehavior [ RunTime:0.000659s ]
INFO: [ app_begin ] --END-- [ RunTime:0.001106s ]
SQL: SHOW COLUMNS FROM `nan_link_inc` [ RunTime:0.0046s ]
SQL: SHOW COLUMNS FROM `nan_onepage_inc` [ RunTime:0.0046s ]
SQL: SHOW COLUMNS FROM `nan_siteconfig_inc` [ RunTime:0.0049s ]
SQL: SELECT * FROM `nan_link_inc` WHERE `code` = 'top_nav' ORDER BY `sort` asc  [ RunTime:0.0006s ]
SQL: SELECT `content` FROM `nan_siteconfig_inc` WHERE `id` = 5 LIMIT 1   [ RunTime:0.0002s ]
SQL: SHOW COLUMNS FROM `nan_goods_inc` [ RunTime:0.0033s ]
SQL: SELECT COUNT(*) AS tp_count FROM `nan_goods_inc` LIMIT 1   [ RunTime:0.0003s ]
SQL: SELECT * FROM `nan_goods_inc` LIMIT 0,9   [ RunTime:0.0003s ]

[ 2015-04-10T15:13:02+08:00 ] 127.0.0.1 /
INFO: [ app_init ] --START--
INFO: Run Behavior\BuildLiteBehavior [ RunTime:0.000023s ]
INFO: [ app_init ] --END-- [ RunTime:0.000602s ]
INFO: [ app_begin ] --START--
INFO: Run Behavior\ReadHtmlCacheBehavior [ RunTime:0.000851s ]
INFO: [ app_begin ] --END-- [ RunTime:0.000974s ]
SQL: SHOW COLUMNS FROM `nan_link_inc` [ RunTime:0.0487s ]
SQL: SHOW COLUMNS FROM `nan_onepage_inc` [ RunTime:0.0480s ]
SQL: SHOW COLUMNS FROM `nan_siteconfig_inc` [ RunTime:0.0485s ]
SQL: SELECT * FROM `nan_link_inc` WHERE `code` = 'top_nav' ORDER BY `sort` asc  [ RunTime:0.0487s ]
SQL: SELECT `content` FROM `nan_siteconfig_inc` WHERE `id` = 5 LIMIT 1   [ RunTime:0.0470s ]
SQL: SHOW COLUMNS FROM `nan_article_inc` [ RunTime:0.0476s ]
SQL: SELECT `id`,`cat_id`,`title`,`dateline` FROM `nan_article_inc` ORDER BY `dateline` desc  [ RunTime:0.0487s ]
INFO: [ view_parse ] --START--
INFO: [ template_filter ] --START--
INFO: Run Behavior\ContentReplaceBehavior [ RunTime:0.000474s ]
INFO: [ template_filter ] --END-- [ RunTime:0.000680s ]
INFO: Run Behavior\ParseTemplateBehavior [ RunTime:0.044082s ]
INFO: [ view_parse ] --END-- [ RunTime:0.044219s ]
INFO: [ view_filter ] --START--
INFO: Run Behavior\WriteHtmlCacheBehavior [ RunTime:0.000428s ]
INFO: [ view_filter ] --END-- [ RunTime:0.000493s ]
INFO: [ app_end ] --START--
INFO: Run Behavior\ShowPageTraceBehavior [ RunTime:0.000754s ]
INFO: [ app_end ] --END-- [ RunTime:0.000831s ]

[ 2015-04-10T15:16:32+08:00 ] 127.0.0.1 /
INFO: [ app_init ] --START--
INFO: Run Behavior\BuildLiteBehavior [ RunTime:0.000013s ]
INFO: [ app_init ] --END-- [ RunTime:0.000338s ]
INFO: [ app_begin ] --START--
INFO: Run Behavior\ReadHtmlCacheBehavior [ RunTime:0.000403s ]
INFO: [ app_begin ] --END-- [ RunTime:0.000444s ]
SQL: SHOW COLUMNS FROM `nan_link_inc` [ RunTime:0.0485s ]
SQL: SHOW COLUMNS FROM `nan_onepage_inc` [ RunTime:0.0489s ]
SQL: SHOW COLUMNS FROM `nan_siteconfig_inc` [ RunTime:0.0484s ]
SQL: SELECT * FROM `nan_link_inc` WHERE `code` = 'top_nav' ORDER BY `sort` asc  [ RunTime:0.0487s ]
SQL: SELECT `content` FROM `nan_siteconfig_inc` WHERE `id` = 5 LIMIT 1   [ RunTime:0.0492s ]
SQL: SHOW COLUMNS FROM `nan_article_inc` [ RunTime:0.0492s ]
SQL: SELECT `id`,`cat_id`,`title`,`dateline` FROM `nan_article_inc` ORDER BY `dateline` desc  [ RunTime:0.0481s ]
INFO: [ view_parse ] --START--
INFO: [ template_filter ] --START--
INFO: Run Behavior\ContentReplaceBehavior [ RunTime:0.000125s ]
INFO: [ template_filter ] --END-- [ RunTime:0.000184s ]
INFO: Run Behavior\ParseTemplateBehavior [ RunTime:0.014160s ]
INFO: [ view_parse ] --END-- [ RunTime:0.014220s ]
INFO: [ view_filter ] --START--
INFO: Run Behavior\WriteHtmlCacheBehavior [ RunTime:0.000285s ]
INFO: [ view_filter ] --END-- [ RunTime:0.000322s ]
INFO: [ app_end ] --START--
INFO: Run Behavior\ShowPageTraceBehavior [ RunTime:0.000435s ]
INFO: [ app_end ] --END-- [ RunTime:0.000495s ]

[ 2015-04-10T15:16:33+08:00 ] 127.0.0.1 /
INFO: [ app_init ] --START--
INFO: Run Behavior\BuildLiteBehavior [ RunTime:0.000009s ]
INFO: [ app_init ] --END-- [ RunTime:0.000267s ]
INFO: [ app_begin ] --START--
INFO: Run Behavior\ReadHtmlCacheBehavior [ RunTime:0.000526s ]
INFO: [ app_begin ] --END-- [ RunTime:0.000573s ]
SQL: SHOW COLUMNS FROM `nan_link_inc` [ RunTime:0.0508s ]
SQL: SHOW COLUMNS FROM `nan_onepage_inc` [ RunTime:0.0508s ]
SQL: SHOW COLUMNS FROM `nan_siteconfig_inc` [ RunTime:0.0498s ]
SQL: SELECT * FROM `nan_link_inc` WHERE `code` = 'top_nav' ORDER BY `sort` asc  [ RunTime:0.0511s ]
SQL: SELECT `content` FROM `nan_siteconfig_inc` WHERE `id` = 5 LIMIT 1   [ RunTime:0.0503s ]
SQL: SHOW COLUMNS FROM `nan_article_inc` [ RunTime:0.0514s ]
SQL: SELECT `id`,`cat_id`,`title`,`dateline` FROM `nan_article_inc` ORDER BY `dateline` desc  [ RunTime:0.0500s ]
INFO: [ view_parse ] --START--
INFO: [ template_filter ] --START--
INFO: Run Behavior\ContentReplaceBehavior [ RunTime:0.000266s ]
INFO: [ template_filter ] --END-- [ RunTime:0.000378s ]
INFO: Run Behavior\ParseTemplateBehavior [ RunTime:0.026736s ]
INFO: [ view_parse ] --END-- [ RunTime:0.026848s ]
INFO: [ view_filter ] --START--
INFO: Run Behavior\WriteHtmlCacheBehavior [ RunTime:0.000753s ]
INFO: [ view_filter ] --END-- [ RunTime:0.000834s ]
INFO: [ app_end ] --START--
INFO: Run Behavior\ShowPageTraceBehavior [ RunTime:0.001104s ]
INFO: [ app_end ] --END-- [ RunTime:0.001206s ]

[ 2015-04-10T15:16:41+08:00 ] 127.0.0.1 /Product/index.html
INFO: [ app_init ] --START--
INFO: Run Behavior\BuildLiteBehavior [ RunTime:0.000025s ]
INFO: [ app_init ] --END-- [ RunTime:0.000389s ]
INFO: [ app_begin ] --START--
INFO: Run Behavior\ReadHtmlCacheBehavior [ RunTime:0.000575s ]
INFO: [ app_begin ] --END-- [ RunTime:0.000672s ]
SQL: SHOW COLUMNS FROM `nan_link_inc` [ RunTime:0.0484s ]
SQL: SHOW COLUMNS FROM `nan_onepage_inc` [ RunTime:0.0485s ]
SQL: SHOW COLUMNS FROM `nan_siteconfig_inc` [ RunTime:0.0480s ]
SQL: SELECT * FROM `nan_link_inc` WHERE `code` = 'top_nav' ORDER BY `sort` asc  [ RunTime:0.0479s ]
SQL: SELECT `content` FROM `nan_siteconfig_inc` WHERE `id` = 5 LIMIT 1   [ RunTime:0.0474s ]
SQL: SHOW COLUMNS FROM `nan_goods_inc` [ RunTime:0.0488s ]
SQL: SELECT COUNT(*) AS tp_count FROM `nan_goods_inc` LIMIT 1   [ RunTime:0.0471s ]
SQL: SELECT * FROM `nan_goods_inc` LIMIT 0,9   [ RunTime:0.0498s ]
INFO: [ view_parse ] --START--
INFO: [ template_filter ] --START--
INFO: Run Behavior\ContentReplaceBehavior [ RunTime:0.000107s ]
INFO: [ template_filter ] --END-- [ RunTime:0.000160s ]
INFO: Run Behavior\ParseTemplateBehavior [ RunTime:0.014570s ]
INFO: [ view_parse ] --END-- [ RunTime:0.014660s ]
INFO: [ view_filter ] --START--
INFO: Run Behavior\WriteHtmlCacheBehavior [ RunTime:0.000240s ]
INFO: [ view_filter ] --END-- [ RunTime:0.000281s ]
INFO: [ app_end ] --START--
INFO: Run Behavior\ShowPageTraceBehavior [ RunTime:0.001867s ]
INFO: [ app_end ] --END-- [ RunTime:0.001931s ]

[ 2015-04-10T15:16:42+08:00 ] 127.0.0.1 /Product/index/do/load/p/undefined/code/
INFO: [ app_init ] --START--
INFO: Run Behavior\BuildLiteBehavior [ RunTime:0.000010s ]
INFO: [ app_init ] --END-- [ RunTime:0.000282s ]
INFO: [ app_begin ] --START--
INFO: Run Behavior\ReadHtmlCacheBehavior [ RunTime:0.000361s ]
INFO: [ app_begin ] --END-- [ RunTime:0.000406s ]
SQL: SHOW COLUMNS FROM `nan_link_inc` [ RunTime:0.0518s ]
SQL: SHOW COLUMNS FROM `nan_onepage_inc` [ RunTime:0.0535s ]
SQL: SHOW COLUMNS FROM `nan_siteconfig_inc` [ RunTime:0.0511s ]
SQL: SELECT * FROM `nan_link_inc` WHERE `code` = 'top_nav' ORDER BY `sort` asc  [ RunTime:0.0504s ]
SQL: SELECT `content` FROM `nan_siteconfig_inc` WHERE `id` = 5 LIMIT 1   [ RunTime:0.0499s ]
SQL: SHOW COLUMNS FROM `nan_goods_inc` [ RunTime:0.0520s ]
SQL: SELECT COUNT(*) AS tp_count FROM `nan_goods_inc` LIMIT 1   [ RunTime:0.0496s ]
SQL: SELECT * FROM `nan_goods_inc` LIMIT 0,9   [ RunTime:0.0525s ]

[ 2015-04-10T15:16:51+08:00 ] 127.0.0.1 /Product/index/do/load/p/undefined/code/electrical
INFO: [ app_init ] --START--
INFO: Run Behavior\BuildLiteBehavior [ RunTime:0.000026s ]
INFO: [ app_init ] --END-- [ RunTime:0.000552s ]
INFO: [ app_begin ] --START--
INFO: Run Behavior\ReadHtmlCacheBehavior [ RunTime:0.000745s ]
INFO: [ app_begin ] --END-- [ RunTime:0.000835s ]
SQL: SHOW COLUMNS FROM `nan_link_inc` [ RunTime:0.0520s ]
SQL: SHOW COLUMNS FROM `nan_onepage_inc` [ RunTime:0.0513s ]
SQL: SHOW COLUMNS FROM `nan_siteconfig_inc` [ RunTime:0.0535s ]
SQL: SELECT * FROM `nan_link_inc` WHERE `code` = 'top_nav' ORDER BY `sort` asc  [ RunTime:0.0513s ]
SQL: SELECT `content` FROM `nan_siteconfig_inc` WHERE `id` = 5 LIMIT 1   [ RunTime:0.0497s ]
SQL: SHOW COLUMNS FROM `nan_goods_inc` [ RunTime:0.0519s ]
SQL: SELECT COUNT(*) AS tp_count FROM `nan_goods_inc` WHERE `code` = 'electrical' LIMIT 1   [ RunTime:0.0506s ]
SQL: SELECT * FROM `nan_goods_inc` WHERE `code` = 'electrical' LIMIT 0,9   [ RunTime:0.0524s ]

[ 2015-04-10T15:16:51+08:00 ] 127.0.0.1 /Public/Uploads/2015-03-09/54fd779edb9ce.jpg
INFO: [ app_init ] --START--
INFO: Run Behavior\BuildLiteBehavior [ RunTime:0.000019s ]
INFO: [ app_init ] --END-- [ RunTime:0.000397s ]

[ 2015-04-10T15:16:53+08:00 ] 127.0.0.1 /Product/index/do/load/p/undefined/code/sports
INFO: [ app_init ] --START--
INFO: Run Behavior\BuildLiteBehavior [ RunTime:0.000030s ]
INFO: [ app_init ] --END-- [ RunTime:0.000783s ]
INFO: [ app_begin ] --START--
INFO: Run Behavior\ReadHtmlCacheBehavior [ RunTime:0.001618s ]
INFO: [ app_begin ] --END-- [ RunTime:0.001751s ]
SQL: SHOW COLUMNS FROM `nan_link_inc` [ RunTime:0.0521s ]
SQL: SHOW COLUMNS FROM `nan_onepage_inc` [ RunTime:0.0516s ]
SQL: SHOW COLUMNS FROM `nan_siteconfig_inc` [ RunTime:0.0516s ]
SQL: SELECT * FROM `nan_link_inc` WHERE `code` = 'top_nav' ORDER BY `sort` asc  [ RunTime:0.0513s ]
SQL: SELECT `content` FROM `nan_siteconfig_inc` WHERE `id` = 5 LIMIT 1   [ RunTime:0.0527s ]
SQL: SHOW COLUMNS FROM `nan_goods_inc` [ RunTime:0.0508s ]
SQL: SELECT COUNT(*) AS tp_count FROM `nan_goods_inc` WHERE `code` = 'sports' LIMIT 1   [ RunTime:0.0518s ]
SQL: SELECT * FROM `nan_goods_inc` WHERE `code` = 'sports' LIMIT 0,9   [ RunTime:0.0531s ]

[ 2015-04-10T15:16:53+08:00 ] 127.0.0.1 /Public/Uploads/2015-03-02/54f42a83023fc.jpg
INFO: [ app_init ] --START--
INFO: Run Behavior\BuildLiteBehavior [ RunTime:0.000013s ]
INFO: [ app_init ] --END-- [ RunTime:0.000333s ]

[ 2015-04-10T15:16:53+08:00 ] 127.0.0.1 /Public/Uploads/2015-03-12/55017724d720f.jpg
INFO: [ app_init ] --START--
INFO: Run Behavior\BuildLiteBehavior [ RunTime:0.000015s ]
INFO: [ app_init ] --END-- [ RunTime:0.000475s ]

[ 2015-04-10T15:16:53+08:00 ] 127.0.0.1 /Public/Uploads/2015-03-12/550178475fea2.jpg
INFO: [ app_init ] --START--
INFO: Run Behavior\BuildLiteBehavior [ RunTime:0.000014s ]
INFO: [ app_init ] --END-- [ RunTime:0.000374s ]

[ 2015-04-10T15:16:53+08:00 ] 127.0.0.1 /Public/Uploads/2015-03-12/550178737d29b.jpg
INFO: [ app_init ] --START--
INFO: Run Behavior\BuildLiteBehavior [ RunTime:0.000013s ]
INFO: [ app_init ] --END-- [ RunTime:0.001861s ]

[ 2015-04-10T15:16:53+08:00 ] 127.0.0.1 /Public/Uploads/2015-03-12/550178a24ac68.jpg
INFO: [ app_init ] --START--
INFO: Run Behavior\BuildLiteBehavior [ RunTime:0.000011s ]
INFO: [ app_init ] --END-- [ RunTime:0.000648s ]

[ 2015-04-10T15:16:53+08:00 ] 127.0.0.1 /Public/Uploads/2015-03-12/550178c61db9d.jpg
INFO: [ app_init ] --START--
INFO: Run Behavior\BuildLiteBehavior [ RunTime:0.000013s ]
INFO: [ app_init ] --END-- [ RunTime:0.000283s ]

[ 2015-04-10T15:16:53+08:00 ] 127.0.0.1 /Public/Uploads/2015-03-12/5501775542264.jpg
INFO: [ app_init ] --START--
INFO: Run Behavior\BuildLiteBehavior [ RunTime:0.000014s ]
INFO: [ app_init ] --END-- [ RunTime:0.000330s ]

[ 2015-04-10T15:16:53+08:00 ] 127.0.0.1 /Public/Uploads/2015-03-12/550178e3d0769.jpg
INFO: [ app_init ] --START--
INFO: Run Behavior\BuildLiteBehavior [ RunTime:0.000012s ]
INFO: [ app_init ] --END-- [ RunTime:0.000337s ]

[ 2015-04-10T15:16:53+08:00 ] 127.0.0.1 /Public/Uploads/2015-03-12/5501788821ec2.jpg
INFO: [ app_init ] --START--
INFO: Run Behavior\BuildLiteBehavior [ RunTime:0.000017s ]
INFO: [ app_init ] --END-- [ RunTime:0.000325s ]

